Start testing: Sep 12 02:14 Eastern Daylight Time
----------------------------------------------------------
1/86 Testing: server_configuration
1/86 Test: server_configuration
Command: "C:/Boris/ServerEngine/build-se-v3-10d3d/Release/server_engine_tests.exe" "server_configuration"
Directory: C:/Boris/ServerEngine/build-se-v3-10d3d
"server_configuration" start time: Sep 12 02:14 Eastern Daylight Time
Output:
----------------------------------------------------------
<end of output>
Test time =   1.00 sec
----------------------------------------------------------
Test Passed.
"server_configuration" end time: Sep 12 02:14 Eastern Daylight Time
"server_configuration" time elapsed: 00:00:00
----------------------------------------------------------

2/86 Testing: project_configuration
2/86 Test: project_configuration
Command: "C:/Boris/ServerEngine/build-se-v3-10d3d/Release/server_engine_tests.exe" "project_configuration"
Directory: C:/Boris/ServerEngine/build-se-v3-10d3d
"project_configuration" start time: Sep 12 02:14 Eastern Daylight Time
Output:
----------------------------------------------------------
<end of output>
Test time =   0.02 sec
----------------------------------------------------------
Test Passed.
"project_configuration" end time: Sep 12 02:14 Eastern Daylight Time
"project_configuration" time elapsed: 00:00:00
----------------------------------------------------------

3/86 Testing: project_identity_resolution
3/86 Test: project_identity_resolution
Command: "C:/Boris/ServerEngine/build-se-v3-10d3d/Release/server_engine_tests.exe" "project_identity_resolution"
Directory: C:/Boris/ServerEngine/build-se-v3-10d3d
"project_identity_resolution" start time: Sep 12 02:14 Eastern Daylight Time
Output:
----------------------------------------------------------
<end of output>
Test time =   0.02 sec
----------------------------------------------------------
Test Passed.
"project_identity_resolution" end time: Sep 12 02:14 Eastern Daylight Time
"project_identity_resolution" time elapsed: 00:00:00
----------------------------------------------------------

4/86 Testing: project_identity_name_lifetime
4/86 Test: project_identity_name_lifetime
Command: "C:/Boris/ServerEngine/build-se-v3-10d3d/Release/server_engine_tests.exe" "project_identity_name_lifetime"
Directory: C:/Boris/ServerEngine/build-se-v3-10d3d
"project_identity_name_lifetime" start time: Sep 12 02:14 Eastern Daylight Time
Output:
----------------------------------------------------------
<end of output>
Test time =   0.02 sec
----------------------------------------------------------
Test Passed.
"project_identity_name_lifetime" end time: Sep 12 02:14 Eastern Daylight Time
"project_identity_name_lifetime" time elapsed: 00:00:00
----------------------------------------------------------

5/86 Testing: project_identity_concurrency
5/86 Test: project_identity_concurrency
Command: "C:/Boris/ServerEngine/build-se-v3-10d3d/Release/server_engine_tests.exe" "project_identity_concurrency"
Directory: C:/Boris/ServerEngine/build-se-v3-10d3d
"project_identity_concurrency" start time: Sep 12 02:14 Eastern Daylight Time
Output:
----------------------------------------------------------
<end of output>
Test time =   0.02 sec
----------------------------------------------------------
Test Passed.
"project_identity_concurrency" end time: Sep 12 02:14 Eastern Daylight Time
"project_identity_concurrency" time elapsed: 00:00:00
----------------------------------------------------------

6/86 Testing: project_identity_index_statistics
6/86 Test: project_identity_index_statistics
Command: "C:/Boris/ServerEngine/build-se-v3-10d3d/Release/server_engine_tests.exe" "project_identity_index_statistics"
Directory: C:/Boris/ServerEngine/build-se-v3-10d3d
"project_identity_index_statistics" start time: Sep 12 02:14 Eastern Daylight Time
Output:
----------------------------------------------------------
<end of output>
Test time =   0.02 sec
----------------------------------------------------------
Test Passed.
"project_identity_index_statistics" end time: Sep 12 02:14 Eastern Daylight Time
"project_identity_index_statistics" time elapsed: 00:00:00
----------------------------------------------------------

7/86 Testing: project_identity_compact_reference
7/86 Test: project_identity_compact_reference
Command: "C:/Boris/ServerEngine/build-se-v3-10d3d/Release/server_engine_tests.exe" "project_identity_compact_reference"
Directory: C:/Boris/ServerEngine/build-se-v3-10d3d
"project_identity_compact_reference" start time: Sep 12 02:14 Eastern Daylight Time
Output:
----------------------------------------------------------
<end of output>
Test time =   0.02 sec
----------------------------------------------------------
Test Passed.
"project_identity_compact_reference" end time: Sep 12 02:14 Eastern Daylight Time
"project_identity_compact_reference" time elapsed: 00:00:00
----------------------------------------------------------

8/86 Testing: source_facts_contract
8/86 Test: source_facts_contract
Command: "C:/Boris/ServerEngine/build-se-v3-10d3d/Release/server_engine_tests.exe" "source_facts_contract"
Directory: C:/Boris/ServerEngine/build-se-v3-10d3d
"source_facts_contract" start time: Sep 12 02:14 Eastern Daylight Time
Output:
----------------------------------------------------------
<end of output>
Test time =   0.02 sec
----------------------------------------------------------
Test Passed.
"source_facts_contract" end time: Sep 12 02:14 Eastern Daylight Time
"source_facts_contract" time elapsed: 00:00:00
----------------------------------------------------------

9/86 Testing: source_facts_validation
9/86 Test: source_facts_validation
Command: "C:/Boris/ServerEngine/build-se-v3-10d3d/Release/server_engine_tests.exe" "source_facts_validation"
Directory: C:/Boris/ServerEngine/build-se-v3-10d3d
"source_facts_validation" start time: Sep 12 02:14 Eastern Daylight Time
Output:
----------------------------------------------------------
<end of output>
Test time =   0.02 sec
----------------------------------------------------------
Test Passed.
"source_facts_validation" end time: Sep 12 02:14 Eastern Daylight Time
"source_facts_validation" time elapsed: 00:00:00
----------------------------------------------------------

10/86 Testing: source_facts_enum_validation
10/86 Test: source_facts_enum_validation
Command: "C:/Boris/ServerEngine/build-se-v3-10d3d/Release/server_engine_tests.exe" "source_facts_enum_validation"
Directory: C:/Boris/ServerEngine/build-se-v3-10d3d
"source_facts_enum_validation" start time: Sep 12 02:14 Eastern Daylight Time
Output:
----------------------------------------------------------
<end of output>
Test time =   0.02 sec
----------------------------------------------------------
Test Passed.
"source_facts_enum_validation" end time: Sep 12 02:14 Eastern Daylight Time
"source_facts_enum_validation" time elapsed: 00:00:00
----------------------------------------------------------

11/86 Testing: source_facts_order_contract
11/86 Test: source_facts_order_contract
Command: "C:/Boris/ServerEngine/build-se-v3-10d3d/Release/server_engine_tests.exe" "source_facts_order_contract"
Directory: C:/Boris/ServerEngine/build-se-v3-10d3d
"source_facts_order_contract" start time: Sep 12 02:14 Eastern Daylight Time
Output:
----------------------------------------------------------
<end of output>
Test time =   0.02 sec
----------------------------------------------------------
Test Passed.
"source_facts_order_contract" end time: Sep 12 02:14 Eastern Daylight Time
"source_facts_order_contract" time elapsed: 00:00:00
----------------------------------------------------------

12/86 Testing: source_hash_sha256
12/86 Test: source_hash_sha256
Command: "C:/Boris/ServerEngine/build-se-v3-10d3d/Release/server_engine_tests.exe" "source_hash_sha256"
Directory: C:/Boris/ServerEngine/build-se-v3-10d3d
"source_hash_sha256" start time: Sep 12 02:14 Eastern Daylight Time
Output:
----------------------------------------------------------
<end of output>
Test time =   0.01 sec
----------------------------------------------------------
Test Passed.
"source_hash_sha256" end time: Sep 12 02:14 Eastern Daylight Time
"source_hash_sha256" time elapsed: 00:00:00
----------------------------------------------------------

13/86 Testing: source_snapshot_immutability
13/86 Test: source_snapshot_immutability
Command: "C:/Boris/ServerEngine/build-se-v3-10d3d/Release/server_engine_tests.exe" "source_snapshot_immutability"
Directory: C:/Boris/ServerEngine/build-se-v3-10d3d
"source_snapshot_immutability" start time: Sep 12 02:14 Eastern Daylight Time
Output:
----------------------------------------------------------
<end of output>
Test time =   0.02 sec
----------------------------------------------------------
Test Passed.
"source_snapshot_immutability" end time: Sep 12 02:14 Eastern Daylight Time
"source_snapshot_immutability" time elapsed: 00:00:00
----------------------------------------------------------

14/86 Testing: source_manager_transactional_identity
14/86 Test: source_manager_transactional_identity
Command: "C:/Boris/ServerEngine/build-se-v3-10d3d/Release/server_engine_tests.exe" "source_manager_transactional_identity"
Directory: C:/Boris/ServerEngine/build-se-v3-10d3d
"source_manager_transactional_identity" start time: Sep 12 02:14 Eastern Daylight Time
Output:
----------------------------------------------------------
<end of output>
Test time =   0.02 sec
----------------------------------------------------------
Test Passed.
"source_manager_transactional_identity" end time: Sep 12 02:14 Eastern Daylight Time
"source_manager_transactional_identity" time elapsed: 00:00:00
----------------------------------------------------------

15/86 Testing: source_manager_normalized_path_boundary
15/86 Test: source_manager_normalized_path_boundary
Command: "C:/Boris/ServerEngine/build-se-v3-10d3d/Release/server_engine_tests.exe" "source_manager_normalized_path_boundary"
Directory: C:/Boris/ServerEngine/build-se-v3-10d3d
"source_manager_normalized_path_boundary" start time: Sep 12 02:14 Eastern Daylight Time
Output:
----------------------------------------------------------
<end of output>
Test time =   0.01 sec
----------------------------------------------------------
Test Passed.
"source_manager_normalized_path_boundary" end time: Sep 12 02:14 Eastern Daylight Time
"source_manager_normalized_path_boundary" time elapsed: 00:00:00
----------------------------------------------------------

16/86 Testing: source_manager_file_acquisition
16/86 Test: source_manager_file_acquisition
Command: "C:/Boris/ServerEngine/build-se-v3-10d3d/Release/server_engine_tests.exe" "source_manager_file_acquisition"
Directory: C:/Boris/ServerEngine/build-se-v3-10d3d
"source_manager_file_acquisition" start time: Sep 12 02:14 Eastern Daylight Time
Output:
----------------------------------------------------------
<end of output>
Test time =   0.02 sec
----------------------------------------------------------
Test Passed.
"source_manager_file_acquisition" end time: Sep 12 02:14 Eastern Daylight Time
"source_manager_file_acquisition" time elapsed: 00:00:00
----------------------------------------------------------

17/86 Testing: lexer_include_discovery
17/86 Test: lexer_include_discovery
Command: "C:/Boris/ServerEngine/build-se-v3-10d3d/Release/server_engine_tests.exe" "lexer_include_discovery"
Directory: C:/Boris/ServerEngine/build-se-v3-10d3d
"lexer_include_discovery" start time: Sep 12 02:14 Eastern Daylight Time
Output:
----------------------------------------------------------
<end of output>
Test time =   0.01 sec
----------------------------------------------------------
Test Passed.
"lexer_include_discovery" end time: Sep 12 02:14 Eastern Daylight Time
"lexer_include_discovery" time elapsed: 00:00:00
----------------------------------------------------------

18/86 Testing: parser_source_facts_producer
18/86 Test: parser_source_facts_producer
Command: "C:/Boris/ServerEngine/build-se-v3-10d3d/Release/server_engine_tests.exe" "parser_source_facts_producer"
Directory: C:/Boris/ServerEngine/build-se-v3-10d3d
"parser_source_facts_producer" start time: Sep 12 02:14 Eastern Daylight Time
Output:
----------------------------------------------------------
<end of output>
Test time =   0.02 sec
----------------------------------------------------------
Test Passed.
"parser_source_facts_producer" end time: Sep 12 02:14 Eastern Daylight Time
"parser_source_facts_producer" time elapsed: 00:00:00
----------------------------------------------------------

19/86 Testing: parser_enum_facts
19/86 Test: parser_enum_facts
Command: "C:/Boris/ServerEngine/build-se-v3-10d3d/Release/server_engine_tests.exe" "parser_enum_facts"
Directory: C:/Boris/ServerEngine/build-se-v3-10d3d
"parser_enum_facts" start time: Sep 12 02:14 Eastern Daylight Time
Output:
----------------------------------------------------------
<end of output>
Test time =   0.02 sec
----------------------------------------------------------
Test Passed.
"parser_enum_facts" end time: Sep 12 02:14 Eastern Daylight Time
"parser_enum_facts" time elapsed: 00:00:00
----------------------------------------------------------

20/86 Testing: parser_cross_source_visibility
20/86 Test: parser_cross_source_visibility
Command: "C:/Boris/ServerEngine/build-se-v3-10d3d/Release/server_engine_tests.exe" "parser_cross_source_visibility"
Directory: C:/Boris/ServerEngine/build-se-v3-10d3d
"parser_cross_source_visibility" start time: Sep 12 02:14 Eastern Daylight Time
Output:
----------------------------------------------------------
<end of output>
Test time =   0.02 sec
----------------------------------------------------------
Test Passed.
"parser_cross_source_visibility" end time: Sep 12 02:14 Eastern Daylight Time
"parser_cross_source_visibility" time elapsed: 00:00:00
----------------------------------------------------------

21/86 Testing: parser_positional_include_visibility
21/86 Test: parser_positional_include_visibility
Command: "C:/Boris/ServerEngine/build-se-v3-10d3d/Release/server_engine_tests.exe" "parser_positional_include_visibility"
Directory: C:/Boris/ServerEngine/build-se-v3-10d3d
"parser_positional_include_visibility" start time: Sep 12 02:14 Eastern Daylight Time
Output:
----------------------------------------------------------
<end of output>
Test time =   0.02 sec
----------------------------------------------------------
Test Passed.
"parser_positional_include_visibility" end time: Sep 12 02:14 Eastern Daylight Time
"parser_positional_include_visibility" time elapsed: 00:00:00
----------------------------------------------------------

22/86 Testing: parser_unresolved_type
22/86 Test: parser_unresolved_type
Command: "C:/Boris/ServerEngine/build-se-v3-10d3d/Release/server_engine_tests.exe" "parser_unresolved_type"
Directory: C:/Boris/ServerEngine/build-se-v3-10d3d
"parser_unresolved_type" start time: Sep 12 02:14 Eastern Daylight Time
Output:
----------------------------------------------------------
<end of output>
Test time =   0.02 sec
----------------------------------------------------------
Test Passed.
"parser_unresolved_type" end time: Sep 12 02:14 Eastern Daylight Time
"parser_unresolved_type" time elapsed: 00:00:00
----------------------------------------------------------

23/86 Testing: parser_enclosing_namespace_lookup
23/86 Test: parser_enclosing_namespace_lookup
Command: "C:/Boris/ServerEngine/build-se-v3-10d3d/Release/server_engine_tests.exe" "parser_enclosing_namespace_lookup"
Directory: C:/Boris/ServerEngine/build-se-v3-10d3d
"parser_enclosing_namespace_lookup" start time: Sep 12 02:14 Eastern Daylight Time
Output:
----------------------------------------------------------
<end of output>
Test time =   0.02 sec
----------------------------------------------------------
Test Passed.
"parser_enclosing_namespace_lookup" end time: Sep 12 02:14 Eastern Daylight Time
"parser_enclosing_namespace_lookup" time elapsed: 00:00:00
----------------------------------------------------------

24/86 Testing: parser_parallel_sources
24/86 Test: parser_parallel_sources
Command: "C:/Boris/ServerEngine/build-se-v3-10d3d/Release/server_engine_tests.exe" "parser_parallel_sources"
Directory: C:/Boris/ServerEngine/build-se-v3-10d3d
"parser_parallel_sources" start time: Sep 12 02:14 Eastern Daylight Time
Output:
----------------------------------------------------------
<end of output>
Test time =   0.02 sec
----------------------------------------------------------
Test Passed.
"parser_parallel_sources" end time: Sep 12 02:14 Eastern Daylight Time
"parser_parallel_sources" time elapsed: 00:00:00
----------------------------------------------------------

25/86 Testing: frontend_include_pipeline
25/86 Test: frontend_include_pipeline
Command: "C:/Boris/ServerEngine/build-se-v3-10d3d/Release/server_engine_tests.exe" "frontend_include_pipeline"
Directory: C:/Boris/ServerEngine/build-se-v3-10d3d
"frontend_include_pipeline" start time: Sep 12 02:14 Eastern Daylight Time
Output:
----------------------------------------------------------
<end of output>
Test time =   0.02 sec
----------------------------------------------------------
Test Passed.
"frontend_include_pipeline" end time: Sep 12 02:14 Eastern Daylight Time
"frontend_include_pipeline" time elapsed: 00:00:00
----------------------------------------------------------

26/86 Testing: frontend_include_cycle
26/86 Test: frontend_include_cycle
Command: "C:/Boris/ServerEngine/build-se-v3-10d3d/Release/server_engine_tests.exe" "frontend_include_cycle"
Directory: C:/Boris/ServerEngine/build-se-v3-10d3d
"frontend_include_cycle" start time: Sep 12 02:14 Eastern Daylight Time
Output:
----------------------------------------------------------
<end of output>
Test time =   0.02 sec
----------------------------------------------------------
Test Passed.
"frontend_include_cycle" end time: Sep 12 02:14 Eastern Daylight Time
"frontend_include_cycle" time elapsed: 00:00:00
----------------------------------------------------------

27/86 Testing: frontend_parallel_roots
27/86 Test: frontend_parallel_roots
Command: "C:/Boris/ServerEngine/build-se-v3-10d3d/Release/server_engine_tests.exe" "frontend_parallel_roots"
Directory: C:/Boris/ServerEngine/build-se-v3-10d3d
"frontend_parallel_roots" start time: Sep 12 02:14 Eastern Daylight Time
Output:
----------------------------------------------------------
<end of output>
Test time =   0.03 sec
----------------------------------------------------------
Test Passed.
"frontend_parallel_roots" end time: Sep 12 02:14 Eastern Daylight Time
"frontend_parallel_roots" time elapsed: 00:00:00
----------------------------------------------------------

28/86 Testing: frontend_parallel_failure_safe
28/86 Test: frontend_parallel_failure_safe
Command: "C:/Boris/ServerEngine/build-se-v3-10d3d/Release/server_engine_tests.exe" "frontend_parallel_failure_safe"
Directory: C:/Boris/ServerEngine/build-se-v3-10d3d
"frontend_parallel_failure_safe" start time: Sep 12 02:14 Eastern Daylight Time
Output:
----------------------------------------------------------
<end of output>
Test time =   0.03 sec
----------------------------------------------------------
Test Passed.
"frontend_parallel_failure_safe" end time: Sep 12 02:14 Eastern Daylight Time
"frontend_parallel_failure_safe" time elapsed: 00:00:00
----------------------------------------------------------

29/86 Testing: frontend_transitive_include_pipeline
29/86 Test: frontend_transitive_include_pipeline
Command: "C:/Boris/ServerEngine/build-se-v3-10d3d/Release/server_engine_tests.exe" "frontend_transitive_include_pipeline"
Directory: C:/Boris/ServerEngine/build-se-v3-10d3d
"frontend_transitive_include_pipeline" start time: Sep 12 02:14 Eastern Daylight Time
Output:
----------------------------------------------------------
<end of output>
Test time =   0.02 sec
----------------------------------------------------------
Test Passed.
"frontend_transitive_include_pipeline" end time: Sep 12 02:14 Eastern Daylight Time
"frontend_transitive_include_pipeline" time elapsed: 00:00:00
----------------------------------------------------------

30/86 Testing: frontend_shared_include_identity
30/86 Test: frontend_shared_include_identity
Command: "C:/Boris/ServerEngine/build-se-v3-10d3d/Release/server_engine_tests.exe" "frontend_shared_include_identity"
Directory: C:/Boris/ServerEngine/build-se-v3-10d3d
"frontend_shared_include_identity" start time: Sep 12 02:14 Eastern Daylight Time
Output:
----------------------------------------------------------
<end of output>
Test time =   0.02 sec
----------------------------------------------------------
Test Passed.
"frontend_shared_include_identity" end time: Sep 12 02:14 Eastern Daylight Time
"frontend_shared_include_identity" time elapsed: 00:00:00
----------------------------------------------------------

31/86 Testing: frontend_unsupported_directive
31/86 Test: frontend_unsupported_directive
Command: "C:/Boris/ServerEngine/build-se-v3-10d3d/Release/server_engine_tests.exe" "frontend_unsupported_directive"
Directory: C:/Boris/ServerEngine/build-se-v3-10d3d
"frontend_unsupported_directive" start time: Sep 12 02:14 Eastern Daylight Time
Output:
----------------------------------------------------------
<end of output>
Test time =   0.02 sec
----------------------------------------------------------
Test Passed.
"frontend_unsupported_directive" end time: Sep 12 02:14 Eastern Daylight Time
"frontend_unsupported_directive" time elapsed: 00:00:00
----------------------------------------------------------

32/86 Testing: frontend_include_inside_scope
32/86 Test: frontend_include_inside_scope
Command: "C:/Boris/ServerEngine/build-se-v3-10d3d/Release/server_engine_tests.exe" "frontend_include_inside_scope"
Directory: C:/Boris/ServerEngine/build-se-v3-10d3d
"frontend_include_inside_scope" start time: Sep 12 02:14 Eastern Daylight Time
Output:
----------------------------------------------------------
<end of output>
Test time =   0.02 sec
----------------------------------------------------------
Test Passed.
"frontend_include_inside_scope" end time: Sep 12 02:14 Eastern Daylight Time
"frontend_include_inside_scope" time elapsed: 00:00:00
----------------------------------------------------------

33/86 Testing: source_contribution_capture
33/86 Test: source_contribution_capture
Command: "C:/Boris/ServerEngine/build-se-v3-10d3d/Release/server_engine_tests.exe" "source_contribution_capture"
Directory: C:/Boris/ServerEngine/build-se-v3-10d3d
"source_contribution_capture" start time: Sep 12 02:14 Eastern Daylight Time
Output:
----------------------------------------------------------
<end of output>
Test time =   0.02 sec
----------------------------------------------------------
Test Passed.
"source_contribution_capture" end time: Sep 12 02:14 Eastern Daylight Time
"source_contribution_capture" time elapsed: 00:00:00
----------------------------------------------------------

34/86 Testing: generation_builder_g0
34/86 Test: generation_builder_g0
Command: "C:/Boris/ServerEngine/build-se-v3-10d3d/Release/server_engine_tests.exe" "generation_builder_g0"
Directory: C:/Boris/ServerEngine/build-se-v3-10d3d
"generation_builder_g0" start time: Sep 12 02:14 Eastern Daylight Time
Output:
----------------------------------------------------------
<end of output>
Test time =   0.02 sec
----------------------------------------------------------
Test Passed.
"generation_builder_g0" end time: Sep 12 02:14 Eastern Daylight Time
"generation_builder_g0" time elapsed: 00:00:00
----------------------------------------------------------

35/86 Testing: generation_builder_enum
35/86 Test: generation_builder_enum
Command: "C:/Boris/ServerEngine/build-se-v3-10d3d/Release/server_engine_tests.exe" "generation_builder_enum"
Directory: C:/Boris/ServerEngine/build-se-v3-10d3d
"generation_builder_enum" start time: Sep 12 02:14 Eastern Daylight Time
Output:
----------------------------------------------------------
<end of output>
Test time =   0.02 sec
----------------------------------------------------------
Test Passed.
"generation_builder_enum" end time: Sep 12 02:14 Eastern Daylight Time
"generation_builder_enum" time elapsed: 00:00:00
----------------------------------------------------------

36/86 Testing: generation_builder_redeclaration
36/86 Test: generation_builder_redeclaration
Command: "C:/Boris/ServerEngine/build-se-v3-10d3d/Release/server_engine_tests.exe" "generation_builder_redeclaration"
Directory: C:/Boris/ServerEngine/build-se-v3-10d3d
"generation_builder_redeclaration" start time: Sep 12 02:14 Eastern Daylight Time
Output:
----------------------------------------------------------
<end of output>
Test time =   0.02 sec
----------------------------------------------------------
Test Passed.
"generation_builder_redeclaration" end time: Sep 12 02:14 Eastern Daylight Time
"generation_builder_redeclaration" time elapsed: 00:00:00
----------------------------------------------------------

37/86 Testing: generation_builder_definition_conflict
37/86 Test: generation_builder_definition_conflict
Command: "C:/Boris/ServerEngine/build-se-v3-10d3d/Release/server_engine_tests.exe" "generation_builder_definition_conflict"
Directory: C:/Boris/ServerEngine/build-se-v3-10d3d
"generation_builder_definition_conflict" start time: Sep 12 02:14 Eastern Daylight Time
Output:
----------------------------------------------------------
<end of output>
Test time =   0.02 sec
----------------------------------------------------------
Test Passed.
"generation_builder_definition_conflict" end time: Sep 12 02:14 Eastern Daylight Time
"generation_builder_definition_conflict" time elapsed: 00:00:00
----------------------------------------------------------

38/86 Testing: generation_builder_incremental_modify
38/86 Test: generation_builder_incremental_modify
Command: "C:/Boris/ServerEngine/build-se-v3-10d3d/Release/server_engine_tests.exe" "generation_builder_incremental_modify"
Directory: C:/Boris/ServerEngine/build-se-v3-10d3d
"generation_builder_incremental_modify" start time: Sep 12 02:14 Eastern Daylight Time
Output:
----------------------------------------------------------
<end of output>
Test time =   0.02 sec
----------------------------------------------------------
Test Passed.
"generation_builder_incremental_modify" end time: Sep 12 02:14 Eastern Daylight Time
"generation_builder_incremental_modify" time elapsed: 00:00:00
----------------------------------------------------------

39/86 Testing: generation_builder_incremental_remove_add
39/86 Test: generation_builder_incremental_remove_add
Command: "C:/Boris/ServerEngine/build-se-v3-10d3d/Release/server_engine_tests.exe" "generation_builder_incremental_remove_add"
Directory: C:/Boris/ServerEngine/build-se-v3-10d3d
"generation_builder_incremental_remove_add" start time: Sep 12 02:14 Eastern Daylight Time
Output:
----------------------------------------------------------
<end of output>
Test time =   0.02 sec
----------------------------------------------------------
Test Passed.
"generation_builder_incremental_remove_add" end time: Sep 12 02:14 Eastern Daylight Time
"generation_builder_incremental_remove_add" time elapsed: 00:00:00
----------------------------------------------------------

40/86 Testing: generation_builder_incremental_dangling_guard
40/86 Test: generation_builder_incremental_dangling_guard
Command: "C:/Boris/ServerEngine/build-se-v3-10d3d/Release/server_engine_tests.exe" "generation_builder_incremental_dangling_guard"
Directory: C:/Boris/ServerEngine/build-se-v3-10d3d
"generation_builder_incremental_dangling_guard" start time: Sep 12 02:14 Eastern Daylight Time
Output:
----------------------------------------------------------
<end of output>
Test time =   0.02 sec
----------------------------------------------------------
Test Passed.
"generation_builder_incremental_dangling_guard" end time: Sep 12 02:14 Eastern Daylight Time
"generation_builder_incremental_dangling_guard" time elapsed: 00:00:00
----------------------------------------------------------

41/86 Testing: generation_builder_incremental_conflict_rollback
41/86 Test: generation_builder_incremental_conflict_rollback
Command: "C:/Boris/ServerEngine/build-se-v3-10d3d/Release/server_engine_tests.exe" "generation_builder_incremental_conflict_rollback"
Directory: C:/Boris/ServerEngine/build-se-v3-10d3d
"generation_builder_incremental_conflict_rollback" start time: Sep 12 02:14 Eastern Daylight Time
Output:
----------------------------------------------------------
<end of output>
Test time =   0.02 sec
----------------------------------------------------------
Test Passed.
"generation_builder_incremental_conflict_rollback" end time: Sep 12 02:14 Eastern Daylight Time
"generation_builder_incremental_conflict_rollback" time elapsed: 00:00:00
----------------------------------------------------------

42/86 Testing: project_build_orchestrator_full
42/86 Test: project_build_orchestrator_full
Command: "C:/Boris/ServerEngine/build-se-v3-10d3d/Release/server_engine_tests.exe" "project_build_orchestrator_full"
Directory: C:/Boris/ServerEngine/build-se-v3-10d3d
"project_build_orchestrator_full" start time: Sep 12 02:14 Eastern Daylight Time
Output:
----------------------------------------------------------
<end of output>
Test time =   0.02 sec
----------------------------------------------------------
Test Passed.
"project_build_orchestrator_full" end time: Sep 12 02:14 Eastern Daylight Time
"project_build_orchestrator_full" time elapsed: 00:00:00
----------------------------------------------------------

43/86 Testing: project_build_orchestrator_incremental
43/86 Test: project_build_orchestrator_incremental
Command: "C:/Boris/ServerEngine/build-se-v3-10d3d/Release/server_engine_tests.exe" "project_build_orchestrator_incremental"
Directory: C:/Boris/ServerEngine/build-se-v3-10d3d
"project_build_orchestrator_incremental" start time: Sep 12 02:14 Eastern Daylight Time
Output:
----------------------------------------------------------
<end of output>
Test time =   0.02 sec
----------------------------------------------------------
Test Passed.
"project_build_orchestrator_incremental" end time: Sep 12 02:14 Eastern Daylight Time
"project_build_orchestrator_incremental" time elapsed: 00:00:00
----------------------------------------------------------

44/86 Testing: project_build_orchestrator_no_change
44/86 Test: project_build_orchestrator_no_change
Command: "C:/Boris/ServerEngine/build-se-v3-10d3d/Release/server_engine_tests.exe" "project_build_orchestrator_no_change"
Directory: C:/Boris/ServerEngine/build-se-v3-10d3d
"project_build_orchestrator_no_change" start time: Sep 12 02:14 Eastern Daylight Time
Output:
----------------------------------------------------------
<end of output>
Test time =   0.02 sec
----------------------------------------------------------
Test Passed.
"project_build_orchestrator_no_change" end time: Sep 12 02:14 Eastern Daylight Time
"project_build_orchestrator_no_change" time elapsed: 00:00:00
----------------------------------------------------------

45/86 Testing: project_build_orchestrator_failure_rollback
45/86 Test: project_build_orchestrator_failure_rollback
Command: "C:/Boris/ServerEngine/build-se-v3-10d3d/Release/server_engine_tests.exe" "project_build_orchestrator_failure_rollback"
Directory: C:/Boris/ServerEngine/build-se-v3-10d3d
"project_build_orchestrator_failure_rollback" start time: Sep 12 02:14 Eastern Daylight Time
Output:
----------------------------------------------------------
<end of output>
Test time =   0.02 sec
----------------------------------------------------------
Test Passed.
"project_build_orchestrator_failure_rollback" end time: Sep 12 02:14 Eastern Daylight Time
"project_build_orchestrator_failure_rollback" time elapsed: 00:00:00
----------------------------------------------------------

46/86 Testing: project_build_orchestrator_new_include
46/86 Test: project_build_orchestrator_new_include
Command: "C:/Boris/ServerEngine/build-se-v3-10d3d/Release/server_engine_tests.exe" "project_build_orchestrator_new_include"
Directory: C:/Boris/ServerEngine/build-se-v3-10d3d
"project_build_orchestrator_new_include" start time: Sep 12 02:14 Eastern Daylight Time
Output:
----------------------------------------------------------
<end of output>
Test time =   0.02 sec
----------------------------------------------------------
Test Passed.
"project_build_orchestrator_new_include" end time: Sep 12 02:14 Eastern Daylight Time
"project_build_orchestrator_new_include" time elapsed: 00:00:00
----------------------------------------------------------

47/86 Testing: project_build_orchestrator_remove_leaf
47/86 Test: project_build_orchestrator_remove_leaf
Command: "C:/Boris/ServerEngine/build-se-v3-10d3d/Release/server_engine_tests.exe" "project_build_orchestrator_remove_leaf"
Directory: C:/Boris/ServerEngine/build-se-v3-10d3d
"project_build_orchestrator_remove_leaf" start time: Sep 12 02:14 Eastern Daylight Time
Output:
----------------------------------------------------------
<end of output>
Test time =   0.02 sec
----------------------------------------------------------
Test Passed.
"project_build_orchestrator_remove_leaf" end time: Sep 12 02:14 Eastern Daylight Time
"project_build_orchestrator_remove_leaf" time elapsed: 00:00:00
----------------------------------------------------------

48/86 Testing: project_build_orchestrator_builder_conflict_rollback
48/86 Test: project_build_orchestrator_builder_conflict_rollback
Command: "C:/Boris/ServerEngine/build-se-v3-10d3d/Release/server_engine_tests.exe" "project_build_orchestrator_builder_conflict_rollback"
Directory: C:/Boris/ServerEngine/build-se-v3-10d3d
"project_build_orchestrator_builder_conflict_rollback" start time: Sep 12 02:14 Eastern Daylight Time
Output:
----------------------------------------------------------
<end of output>
Test time =   0.02 sec
----------------------------------------------------------
Test Passed.
"project_build_orchestrator_builder_conflict_rollback" end time: Sep 12 02:14 Eastern Daylight Time
"project_build_orchestrator_builder_conflict_rollback" time elapsed: 00:00:00
----------------------------------------------------------

49/86 Testing: project_build_orchestrator_semantic_noop
49/86 Test: project_build_orchestrator_semantic_noop
Command: "C:/Boris/ServerEngine/build-se-v3-10d3d/Release/server_engine_tests.exe" "project_build_orchestrator_semantic_noop"
Directory: C:/Boris/ServerEngine/build-se-v3-10d3d
"project_build_orchestrator_semantic_noop" start time: Sep 12 02:14 Eastern Daylight Time
Output:
----------------------------------------------------------
<end of output>
Test time =   0.02 sec
----------------------------------------------------------
Test Passed.
"project_build_orchestrator_semantic_noop" end time: Sep 12 02:14 Eastern Daylight Time
"project_build_orchestrator_semantic_noop" time elapsed: 00:00:00
----------------------------------------------------------

50/86 Testing: project_build_orchestrator_reverse_edge_replacement
50/86 Test: project_build_orchestrator_reverse_edge_replacement
Command: "C:/Boris/ServerEngine/build-se-v3-10d3d/Release/server_engine_tests.exe" "project_build_orchestrator_reverse_edge_replacement"
Directory: C:/Boris/ServerEngine/build-se-v3-10d3d
"project_build_orchestrator_reverse_edge_replacement" start time: Sep 12 02:14 Eastern Daylight Time
Output:
----------------------------------------------------------
<end of output>
Test time =   0.02 sec
----------------------------------------------------------
Test Passed.
"project_build_orchestrator_reverse_edge_replacement" end time: Sep 12 02:14 Eastern Daylight Time
"project_build_orchestrator_reverse_edge_replacement" time elapsed: 00:00:00
----------------------------------------------------------

51/86 Testing: string_table_canonicalization
51/86 Test: string_table_canonicalization
Command: "C:/Boris/ServerEngine/build-se-v3-10d3d/Release/server_engine_tests.exe" "string_table_canonicalization"
Directory: C:/Boris/ServerEngine/build-se-v3-10d3d
"string_table_canonicalization" start time: Sep 12 02:14 Eastern Daylight Time
Output:
----------------------------------------------------------
<end of output>
Test time =   0.02 sec
----------------------------------------------------------
Test Passed.
"string_table_canonicalization" end time: Sep 12 02:14 Eastern Daylight Time
"string_table_canonicalization" time elapsed: 00:00:00
----------------------------------------------------------

52/86 Testing: complete_graph_objects_links_query
52/86 Test: complete_graph_objects_links_query
Command: "C:/Boris/ServerEngine/build-se-v3-10d3d/Release/server_engine_tests.exe" "complete_graph_objects_links_query"
Directory: C:/Boris/ServerEngine/build-se-v3-10d3d
"complete_graph_objects_links_query" start time: Sep 12 02:14 Eastern Daylight Time
Output:
----------------------------------------------------------
<end of output>
Test time =   0.02 sec
----------------------------------------------------------
Test Passed.
"complete_graph_objects_links_query" end time: Sep 12 02:14 Eastern Daylight Time
"complete_graph_objects_links_query" time elapsed: 00:00:00
----------------------------------------------------------

53/86 Testing: complete_graph_incremental_link_retarget
53/86 Test: complete_graph_incremental_link_retarget
Command: "C:/Boris/ServerEngine/build-se-v3-10d3d/Release/server_engine_tests.exe" "complete_graph_incremental_link_retarget"
Directory: C:/Boris/ServerEngine/build-se-v3-10d3d
"complete_graph_incremental_link_retarget" start time: Sep 12 02:14 Eastern Daylight Time
Output:
----------------------------------------------------------
<end of output>
Test time =   0.02 sec
----------------------------------------------------------
Test Passed.
"complete_graph_incremental_link_retarget" end time: Sep 12 02:14 Eastern Daylight Time
"complete_graph_incremental_link_retarget" time elapsed: 00:00:00
----------------------------------------------------------

54/86 Testing: complete_graph_object_reactivation
54/86 Test: complete_graph_object_reactivation
Command: "C:/Boris/ServerEngine/build-se-v3-10d3d/Release/server_engine_tests.exe" "complete_graph_object_reactivation"
Directory: C:/Boris/ServerEngine/build-se-v3-10d3d
"complete_graph_object_reactivation" start time: Sep 12 02:14 Eastern Daylight Time
Output:
----------------------------------------------------------
<end of output>
Test time =   0.02 sec
----------------------------------------------------------
Test Passed.
"complete_graph_object_reactivation" end time: Sep 12 02:14 Eastern Daylight Time
"complete_graph_object_reactivation" time elapsed: 00:00:00
----------------------------------------------------------

55/86 Testing: complete_graph_duplicate_new_link_rollback
55/86 Test: complete_graph_duplicate_new_link_rollback
Command: "C:/Boris/ServerEngine/build-se-v3-10d3d/Release/server_engine_tests.exe" "complete_graph_duplicate_new_link_rollback"
Directory: C:/Boris/ServerEngine/build-se-v3-10d3d
"complete_graph_duplicate_new_link_rollback" start time: Sep 12 02:14 Eastern Daylight Time
Output:
----------------------------------------------------------
<end of output>
Test time =   0.02 sec
----------------------------------------------------------
Test Passed.
"complete_graph_duplicate_new_link_rollback" end time: Sep 12 02:14 Eastern Daylight Time
"complete_graph_duplicate_new_link_rollback" time elapsed: 00:00:00
----------------------------------------------------------

56/86 Testing: project_manager_rebuild_ready_unload
56/86 Test: project_manager_rebuild_ready_unload
Command: "C:/Boris/ServerEngine/build-se-v3-10d3d/Release/server_engine_tests.exe" "project_manager_rebuild_ready_unload"
Directory: C:/Boris/ServerEngine/build-se-v3-10d3d
"project_manager_rebuild_ready_unload" start time: Sep 12 02:14 Eastern Daylight Time
Output:
----------------------------------------------------------
<end of output>
Test time =   0.02 sec
----------------------------------------------------------
Test Passed.
"project_manager_rebuild_ready_unload" end time: Sep 12 02:14 Eastern Daylight Time
"project_manager_rebuild_ready_unload" time elapsed: 00:00:00
----------------------------------------------------------

57/86 Testing: project_access_move_only
57/86 Test: project_access_move_only
Command: "C:/Boris/ServerEngine/build-se-v3-10d3d/Release/server_engine_tests.exe" "project_access_move_only"
Directory: C:/Boris/ServerEngine/build-se-v3-10d3d
"project_access_move_only" start time: Sep 12 02:14 Eastern Daylight Time
Output:
----------------------------------------------------------
<end of output>
Test time =   0.02 sec
----------------------------------------------------------
Test Passed.
"project_access_move_only" end time: Sep 12 02:14 Eastern Daylight Time
"project_access_move_only" time elapsed: 00:00:00
----------------------------------------------------------

58/86 Testing: project_unload_stop_before_wait
58/86 Test: project_unload_stop_before_wait
Command: "C:/Boris/ServerEngine/build-se-v3-10d3d/Release/server_engine_tests.exe" "project_unload_stop_before_wait"
Directory: C:/Boris/ServerEngine/build-se-v3-10d3d
"project_unload_stop_before_wait" start time: Sep 12 02:14 Eastern Daylight Time
Output:
----------------------------------------------------------
<end of output>
Test time =   0.02 sec
----------------------------------------------------------
Test Passed.
"project_unload_stop_before_wait" end time: Sep 12 02:14 Eastern Daylight Time
"project_unload_stop_before_wait" time elapsed: 00:00:00
----------------------------------------------------------

59/86 Testing: project_rebuild_failure_returns_unloaded
59/86 Test: project_rebuild_failure_returns_unloaded
Command: "C:/Boris/ServerEngine/build-se-v3-10d3d/Release/server_engine_tests.exe" "project_rebuild_failure_returns_unloaded"
Directory: C:/Boris/ServerEngine/build-se-v3-10d3d
"project_rebuild_failure_returns_unloaded" start time: Sep 12 02:14 Eastern Daylight Time
Output:
----------------------------------------------------------
<end of output>
Test time =   0.02 sec
----------------------------------------------------------
Test Passed.
"project_rebuild_failure_returns_unloaded" end time: Sep 12 02:14 Eastern Daylight Time
"project_rebuild_failure_returns_unloaded" time elapsed: 00:00:00
----------------------------------------------------------

60/86 Testing: baseline_store_commit_open
60/86 Test: baseline_store_commit_open
Command: "C:/Boris/ServerEngine/build-se-v3-10d3d/Release/server_engine_tests.exe" "baseline_store_commit_open"
Directory: C:/Boris/ServerEngine/build-se-v3-10d3d
"baseline_store_commit_open" start time: Sep 12 02:14 Eastern Daylight Time
Output:
----------------------------------------------------------
<end of output>
Test time =   0.02 sec
----------------------------------------------------------
Test Passed.
"baseline_store_commit_open" end time: Sep 12 02:14 Eastern Daylight Time
"baseline_store_commit_open" time elapsed: 00:00:00
----------------------------------------------------------

61/86 Testing: baseline_store_fingerprint_guard
61/86 Test: baseline_store_fingerprint_guard
Command: "C:/Boris/ServerEngine/build-se-v3-10d3d/Release/server_engine_tests.exe" "baseline_store_fingerprint_guard"
Directory: C:/Boris/ServerEngine/build-se-v3-10d3d
"baseline_store_fingerprint_guard" start time: Sep 12 02:14 Eastern Daylight Time
Output:
----------------------------------------------------------
<end of output>
Test time =   0.02 sec
----------------------------------------------------------
Test Passed.
"baseline_store_fingerprint_guard" end time: Sep 12 02:14 Eastern Daylight Time
"baseline_store_fingerprint_guard" time elapsed: 00:00:00
----------------------------------------------------------

62/86 Testing: baseline_store_pinned_gc
62/86 Test: baseline_store_pinned_gc
Command: "C:/Boris/ServerEngine/build-se-v3-10d3d/Release/server_engine_tests.exe" "baseline_store_pinned_gc"
Directory: C:/Boris/ServerEngine/build-se-v3-10d3d
"baseline_store_pinned_gc" start time: Sep 12 02:14 Eastern Daylight Time
Output:
----------------------------------------------------------
<end of output>
Test time =   0.03 sec
----------------------------------------------------------
Test Passed.
"baseline_store_pinned_gc" end time: Sep 12 02:14 Eastern Daylight Time
"baseline_store_pinned_gc" time elapsed: 00:00:00
----------------------------------------------------------

63/86 Testing: baseline_store_manifest_corruption
63/86 Test: baseline_store_manifest_corruption
Command: "C:/Boris/ServerEngine/build-se-v3-10d3d/Release/server_engine_tests.exe" "baseline_store_manifest_corruption"
Directory: C:/Boris/ServerEngine/build-se-v3-10d3d
"baseline_store_manifest_corruption" start time: Sep 12 02:14 Eastern Daylight Time
Output:
----------------------------------------------------------
<end of output>
Test time =   0.02 sec
----------------------------------------------------------
Test Passed.
"baseline_store_manifest_corruption" end time: Sep 12 02:14 Eastern Daylight Time
"baseline_store_manifest_corruption" time elapsed: 00:00:00
----------------------------------------------------------

64/86 Testing: source_manager_image_roundtrip
64/86 Test: source_manager_image_roundtrip
Command: "C:/Boris/ServerEngine/build-se-v3-10d3d/Release/server_engine_tests.exe" "source_manager_image_roundtrip"
Directory: C:/Boris/ServerEngine/build-se-v3-10d3d
"source_manager_image_roundtrip" start time: Sep 12 02:14 Eastern Daylight Time
Output:
----------------------------------------------------------
<end of output>
Test time =   0.01 sec
----------------------------------------------------------
Test Passed.
"source_manager_image_roundtrip" end time: Sep 12 02:14 Eastern Daylight Time
"source_manager_image_roundtrip" time elapsed: 00:00:00
----------------------------------------------------------

65/86 Testing: source_manager_image_deterministic
65/86 Test: source_manager_image_deterministic
Command: "C:/Boris/ServerEngine/build-se-v3-10d3d/Release/server_engine_tests.exe" "source_manager_image_deterministic"
Directory: C:/Boris/ServerEngine/build-se-v3-10d3d
"source_manager_image_deterministic" start time: Sep 12 02:14 Eastern Daylight Time
Output:
----------------------------------------------------------
<end of output>
Test time =   0.02 sec
----------------------------------------------------------
Test Passed.
"source_manager_image_deterministic" end time: Sep 12 02:14 Eastern Daylight Time
"source_manager_image_deterministic" time elapsed: 00:00:00
----------------------------------------------------------

66/86 Testing: source_manager_image_mapped_baseline
66/86 Test: source_manager_image_mapped_baseline
Command: "C:/Boris/ServerEngine/build-se-v3-10d3d/Release/server_engine_tests.exe" "source_manager_image_mapped_baseline"
Directory: C:/Boris/ServerEngine/build-se-v3-10d3d
"source_manager_image_mapped_baseline" start time: Sep 12 02:14 Eastern Daylight Time
Output:
----------------------------------------------------------
<end of output>
Test time =   0.02 sec
----------------------------------------------------------
Test Passed.
"source_manager_image_mapped_baseline" end time: Sep 12 02:14 Eastern Daylight Time
"source_manager_image_mapped_baseline" time elapsed: 00:00:00
----------------------------------------------------------

67/86 Testing: source_manager_image_integrity
67/86 Test: source_manager_image_integrity
Command: "C:/Boris/ServerEngine/build-se-v3-10d3d/Release/server_engine_tests.exe" "source_manager_image_integrity"
Directory: C:/Boris/ServerEngine/build-se-v3-10d3d
"source_manager_image_integrity" start time: Sep 12 02:14 Eastern Daylight Time
Output:
----------------------------------------------------------
<end of output>
Test time =   0.02 sec
----------------------------------------------------------
Test Passed.
"source_manager_image_integrity" end time: Sep 12 02:14 Eastern Daylight Time
"source_manager_image_integrity" time elapsed: 00:00:00
----------------------------------------------------------

68/86 Testing: compiled_image_roundtrip
68/86 Test: compiled_image_roundtrip
Command: "C:/Boris/ServerEngine/build-se-v3-10d3d/Release/server_engine_tests.exe" "compiled_image_roundtrip"
Directory: C:/Boris/ServerEngine/build-se-v3-10d3d
"compiled_image_roundtrip" start time: Sep 12 02:14 Eastern Daylight Time
Output:
----------------------------------------------------------
<end of output>
Test time =   0.02 sec
----------------------------------------------------------
Test Passed.
"compiled_image_roundtrip" end time: Sep 12 02:14 Eastern Daylight Time
"compiled_image_roundtrip" time elapsed: 00:00:00
----------------------------------------------------------

69/86 Testing: compiled_image_deterministic
69/86 Test: compiled_image_deterministic
Command: "C:/Boris/ServerEngine/build-se-v3-10d3d/Release/server_engine_tests.exe" "compiled_image_deterministic"
Directory: C:/Boris/ServerEngine/build-se-v3-10d3d
"compiled_image_deterministic" start time: Sep 12 02:14 Eastern Daylight Time
Output:
----------------------------------------------------------
<end of output>
Test time =   0.02 sec
----------------------------------------------------------
Test Passed.
"compiled_image_deterministic" end time: Sep 12 02:14 Eastern Daylight Time
"compiled_image_deterministic" time elapsed: 00:00:00
----------------------------------------------------------

70/86 Testing: compiled_image_mapped_baseline
70/86 Test: compiled_image_mapped_baseline
Command: "C:/Boris/ServerEngine/build-se-v3-10d3d/Release/server_engine_tests.exe" "compiled_image_mapped_baseline"
Directory: C:/Boris/ServerEngine/build-se-v3-10d3d
"compiled_image_mapped_baseline" start time: Sep 12 02:14 Eastern Daylight Time
Output:
----------------------------------------------------------
<end of output>
Test time =   0.03 sec
----------------------------------------------------------
Test Passed.
"compiled_image_mapped_baseline" end time: Sep 12 02:14 Eastern Daylight Time
"compiled_image_mapped_baseline" time elapsed: 00:00:00
----------------------------------------------------------

71/86 Testing: compiled_image_tombstone_preservation
71/86 Test: compiled_image_tombstone_preservation
Command: "C:/Boris/ServerEngine/build-se-v3-10d3d/Release/server_engine_tests.exe" "compiled_image_tombstone_preservation"
Directory: C:/Boris/ServerEngine/build-se-v3-10d3d
"compiled_image_tombstone_preservation" start time: Sep 12 02:14 Eastern Daylight Time
Output:
----------------------------------------------------------
<end of output>
Test time =   0.02 sec
----------------------------------------------------------
Test Passed.
"compiled_image_tombstone_preservation" end time: Sep 12 02:14 Eastern Daylight Time
"compiled_image_tombstone_preservation" time elapsed: 00:00:00
----------------------------------------------------------

72/86 Testing: compiled_image_integrity
72/86 Test: compiled_image_integrity
Command: "C:/Boris/ServerEngine/build-se-v3-10d3d/Release/server_engine_tests.exe" "compiled_image_integrity"
Directory: C:/Boris/ServerEngine/build-se-v3-10d3d
"compiled_image_integrity" start time: Sep 12 02:14 Eastern Daylight Time
Output:
----------------------------------------------------------
<end of output>
Test time =   0.02 sec
----------------------------------------------------------
Test Passed.
"compiled_image_integrity" end time: Sep 12 02:14 Eastern Daylight Time
"compiled_image_integrity" time elapsed: 00:00:00
----------------------------------------------------------

73/86 Testing: build_cache_image_roundtrip
73/86 Test: build_cache_image_roundtrip
Command: "C:/Boris/ServerEngine/build-se-v3-10d3d/Release/server_engine_tests.exe" "build_cache_image_roundtrip"
Directory: C:/Boris/ServerEngine/build-se-v3-10d3d
"build_cache_image_roundtrip" start time: Sep 12 02:14 Eastern Daylight Time
Output:
----------------------------------------------------------
<end of output>
Test time =   0.02 sec
----------------------------------------------------------
Test Passed.
"build_cache_image_roundtrip" end time: Sep 12 02:14 Eastern Daylight Time
"build_cache_image_roundtrip" time elapsed: 00:00:00
----------------------------------------------------------

74/86 Testing: build_cache_image_deterministic
74/86 Test: build_cache_image_deterministic
Command: "C:/Boris/ServerEngine/build-se-v3-10d3d/Release/server_engine_tests.exe" "build_cache_image_deterministic"
Directory: C:/Boris/ServerEngine/build-se-v3-10d3d
"build_cache_image_deterministic" start time: Sep 12 02:14 Eastern Daylight Time
Output:
----------------------------------------------------------
<end of output>
Test time =   0.02 sec
----------------------------------------------------------
Test Passed.
"build_cache_image_deterministic" end time: Sep 12 02:14 Eastern Daylight Time
"build_cache_image_deterministic" time elapsed: 00:00:00
----------------------------------------------------------

75/86 Testing: build_cache_image_cross_artifact
75/86 Test: build_cache_image_cross_artifact
Command: "C:/Boris/ServerEngine/build-se-v3-10d3d/Release/server_engine_tests.exe" "build_cache_image_cross_artifact"
Directory: C:/Boris/ServerEngine/build-se-v3-10d3d
"build_cache_image_cross_artifact" start time: Sep 12 02:14 Eastern Daylight Time
Output:
----------------------------------------------------------
<end of output>
Test time =   0.03 sec
----------------------------------------------------------
Test Passed.
"build_cache_image_cross_artifact" end time: Sep 12 02:14 Eastern Daylight Time
"build_cache_image_cross_artifact" time elapsed: 00:00:00
----------------------------------------------------------

76/86 Testing: build_cache_image_mapped_baseline
76/86 Test: build_cache_image_mapped_baseline
Command: "C:/Boris/ServerEngine/build-se-v3-10d3d/Release/server_engine_tests.exe" "build_cache_image_mapped_baseline"
Directory: C:/Boris/ServerEngine/build-se-v3-10d3d
"build_cache_image_mapped_baseline" start time: Sep 12 02:14 Eastern Daylight Time
Output:
----------------------------------------------------------
<end of output>
Test time =   0.04 sec
----------------------------------------------------------
Test Passed.
"build_cache_image_mapped_baseline" end time: Sep 12 02:14 Eastern Daylight Time
"build_cache_image_mapped_baseline" time elapsed: 00:00:00
----------------------------------------------------------

77/86 Testing: build_cache_image_incremental_lineage
77/86 Test: build_cache_image_incremental_lineage
Command: "C:/Boris/ServerEngine/build-se-v3-10d3d/Release/server_engine_tests.exe" "build_cache_image_incremental_lineage"
Directory: C:/Boris/ServerEngine/build-se-v3-10d3d
"build_cache_image_incremental_lineage" start time: Sep 12 02:14 Eastern Daylight Time
Output:
----------------------------------------------------------
<end of output>
Test time =   0.02 sec
----------------------------------------------------------
Test Passed.
"build_cache_image_incremental_lineage" end time: Sep 12 02:14 Eastern Daylight Time
"build_cache_image_incremental_lineage" time elapsed: 00:00:00
----------------------------------------------------------

78/86 Testing: build_cache_image_integrity
78/86 Test: build_cache_image_integrity
Command: "C:/Boris/ServerEngine/build-se-v3-10d3d/Release/server_engine_tests.exe" "build_cache_image_integrity"
Directory: C:/Boris/ServerEngine/build-se-v3-10d3d
"build_cache_image_integrity" start time: Sep 12 02:14 Eastern Daylight Time
Output:
----------------------------------------------------------
<end of output>
Test time =   0.02 sec
----------------------------------------------------------
Test Passed.
"build_cache_image_integrity" end time: Sep 12 02:14 Eastern Daylight Time
"build_cache_image_integrity" time elapsed: 00:00:00
----------------------------------------------------------

79/86 Testing: project_persistence_save_load
79/86 Test: project_persistence_save_load
Command: "C:/Boris/ServerEngine/build-se-v3-10d3d/Release/server_engine_tests.exe" "project_persistence_save_load"
Directory: C:/Boris/ServerEngine/build-se-v3-10d3d
"project_persistence_save_load" start time: Sep 12 02:14 Eastern Daylight Time
Output:
----------------------------------------------------------
<end of output>
Test time =   0.03 sec
----------------------------------------------------------
Test Passed.
"project_persistence_save_load" end time: Sep 12 02:14 Eastern Daylight Time
"project_persistence_save_load" time elapsed: 00:00:00
----------------------------------------------------------

80/86 Testing: project_load_does_not_map_build_cache
80/86 Test: project_load_does_not_map_build_cache
Command: "C:/Boris/ServerEngine/build-se-v3-10d3d/Release/server_engine_tests.exe" "project_load_does_not_map_build_cache"
Directory: C:/Boris/ServerEngine/build-se-v3-10d3d
"project_load_does_not_map_build_cache" start time: Sep 12 02:14 Eastern Daylight Time
Output:
----------------------------------------------------------
<end of output>
Test time =   0.03 sec
----------------------------------------------------------
Test Passed.
"project_load_does_not_map_build_cache" end time: Sep 12 02:14 Eastern Daylight Time
"project_load_does_not_map_build_cache" time elapsed: 00:00:00
----------------------------------------------------------

81/86 Testing: project_load_fingerprint_guard
81/86 Test: project_load_fingerprint_guard
Command: "C:/Boris/ServerEngine/build-se-v3-10d3d/Release/server_engine_tests.exe" "project_load_fingerprint_guard"
Directory: C:/Boris/ServerEngine/build-se-v3-10d3d
"project_load_fingerprint_guard" start time: Sep 12 02:14 Eastern Daylight Time
Output:
----------------------------------------------------------
<end of output>
Test time =   0.03 sec
----------------------------------------------------------
Test Passed.
"project_load_fingerprint_guard" end time: Sep 12 02:14 Eastern Daylight Time
"project_load_fingerprint_guard" time elapsed: 00:00:00
----------------------------------------------------------

82/86 Testing: project_save_after_load_keeps_active_baseline
82/86 Test: project_save_after_load_keeps_active_baseline
Command: "C:/Boris/ServerEngine/build-se-v3-10d3d/Release/server_engine_tests.exe" "project_save_after_load_keeps_active_baseline"
Directory: C:/Boris/ServerEngine/build-se-v3-10d3d
"project_save_after_load_keeps_active_baseline" start time: Sep 12 02:14 Eastern Daylight Time
Output:
----------------------------------------------------------
<end of output>
Test time =   0.04 sec
----------------------------------------------------------
Test Passed.
"project_save_after_load_keeps_active_baseline" end time: Sep 12 02:14 Eastern Daylight Time
"project_save_after_load_keeps_active_baseline" time elapsed: 00:00:00
----------------------------------------------------------

83/86 Testing: project_build_no_change_reuses_baseline
83/86 Test: project_build_no_change_reuses_baseline
Command: "C:/Boris/ServerEngine/build-se-v3-10d3d/Release/server_engine_tests.exe" "project_build_no_change_reuses_baseline"
Directory: C:/Boris/ServerEngine/build-se-v3-10d3d
"project_build_no_change_reuses_baseline" start time: Sep 12 02:14 Eastern Daylight Time
Output:
----------------------------------------------------------
<end of output>
Test time =   0.03 sec
----------------------------------------------------------
Test Passed.
"project_build_no_change_reuses_baseline" end time: Sep 12 02:14 Eastern Daylight Time
"project_build_no_change_reuses_baseline" time elapsed: 00:00:00
----------------------------------------------------------

84/86 Testing: project_build_changed_baseline_sparse_save_load
84/86 Test: project_build_changed_baseline_sparse_save_load
Command: "C:/Boris/ServerEngine/build-se-v3-10d3d/Release/server_engine_tests.exe" "project_build_changed_baseline_sparse_save_load"
Directory: C:/Boris/ServerEngine/build-se-v3-10d3d
"project_build_changed_baseline_sparse_save_load" start time: Sep 12 02:14 Eastern Daylight Time
Output:
----------------------------------------------------------
<end of output>
Test time =   0.04 sec
----------------------------------------------------------
Test Passed.
"project_build_changed_baseline_sparse_save_load" end time: Sep 12 02:14 Eastern Daylight Time
"project_build_changed_baseline_sparse_save_load" time elapsed: 00:00:00
----------------------------------------------------------

85/86 Testing: project_build_link_tombstone_handle_restore
85/86 Test: project_build_link_tombstone_handle_restore
Command: "C:/Boris/ServerEngine/build-se-v3-10d3d/Release/server_engine_tests.exe" "project_build_link_tombstone_handle_restore"
Directory: C:/Boris/ServerEngine/build-se-v3-10d3d
"project_build_link_tombstone_handle_restore" start time: Sep 12 02:14 Eastern Daylight Time
Output:
----------------------------------------------------------
<end of output>
Test time =   0.07 sec
----------------------------------------------------------
Test Passed.
"project_build_link_tombstone_handle_restore" end time: Sep 12 02:14 Eastern Daylight Time
"project_build_link_tombstone_handle_restore" time elapsed: 00:00:00
----------------------------------------------------------

86/86 Testing: project_build_without_baseline_full_no_save
86/86 Test: project_build_without_baseline_full_no_save
Command: "C:/Boris/ServerEngine/build-se-v3-10d3d/Release/server_engine_tests.exe" "project_build_without_baseline_full_no_save"
Directory: C:/Boris/ServerEngine/build-se-v3-10d3d
"project_build_without_baseline_full_no_save" start time: Sep 12 02:14 Eastern Daylight Time
Output:
----------------------------------------------------------
<end of output>
Test time =   0.02 sec
----------------------------------------------------------
Test Passed.
"project_build_without_baseline_full_no_save" end time: Sep 12 02:14 Eastern Daylight Time
"project_build_without_baseline_full_no_save" time elapsed: 00:00:00
----------------------------------------------------------

End testing: Sep 12 02:14 Eastern Daylight Time
